<?xml version="1.0" encoding="UTF-8"?>
<!-- Generated by org.testng.reporters.JUnitReportReporter -->
<testsuite skipped="0" hostname="QCLAP1012P593" name="majescoTests.MajescoTest" tests="3" failures="0" timestamp="2021-12-24T17:58:41 IST" time="17.751" errors="0">
  <testcase name="googleLaunchWebAppln" time="3.936" classname="majescoTests.MajescoTest"/>
  <testcase name="searchMajescoInGoogleSearch" time="7.334" classname="majescoTests.MajescoTest"/>
  <testcase name="verifyAboutMajescoPageDisplayed" time="6.481" classname="majescoTests.MajescoTest"/>
</testsuite> <!-- majescoTests.MajescoTest -->
