<?xml version="1.0" encoding="UTF-8"?>
<!-- Generated by org.testng.reporters.JUnitReportReporter -->
<testsuite skipped="0" hostname="QCLAP1012P593" name="majescoTests.MajescoAPITest" tests="1" failures="0" timestamp="2021-12-24T17:58:41 IST" time="6.116" errors="0">
  <testcase name="getKey" time="6.116" classname="majescoTests.MajescoAPITest"/>
</testsuite> <!-- majescoTests.MajescoAPITest -->
